<?xml version="1.0" encoding="UTF-8"?>
<testng-results skipped="0" failed="0" ignored="0" total="2" passed="2">
  <reporter-output>
  </reporter-output>
  <suite name="Default suite" duration-ms="73" started-at="2019-12-16T23:15:39 IST" finished-at="2019-12-16T23:15:39 IST">
    <groups>
    </groups>
    <test name="Default test" duration-ms="73" started-at="2019-12-16T23:15:39 IST" finished-at="2019-12-16T23:15:39 IST">
      <class name="TestNG_Framework.New_test">
        <test-method status="PASS" signature="test1()[pri:0, instance:TestNG_Framework.New_test@6e0e048a]" name="test1" duration-ms="15" started-at="2019-12-16T23:15:39 IST" finished-at="2019-12-16T23:15:39 IST">
          <reporter-output>
          </reporter-output>
        </test-method> <!-- test1 -->
        <test-method status="PASS" signature="test2()[pri:0, instance:TestNG_Framework.New_test@6e0e048a]" name="test2" duration-ms="2" started-at="2019-12-16T23:15:39 IST" finished-at="2019-12-16T23:15:39 IST">
          <reporter-output>
          </reporter-output>
        </test-method> <!-- test2 -->
      </class> <!-- TestNG_Framework.New_test -->
    </test> <!-- Default test -->
  </suite> <!-- Default suite -->
</testng-results>
